<?xml version="1.0" encoding="UTF-8"?>
<!-- Generated by org.testng.reporters.JUnitReportReporter -->
<testsuite skipped="0" hostname="BDC7-D-BGMFH92" name="selenium.test1" tests="2" failures="0" timestamp="03 Jul 2018 05:33:47 GMT" time="0.085" errors="0">
  <testcase name="testDemowebShop" time="0.073" classname="selenium.test1"/>
  <testcase name="testPayment" time="0.012" classname="selenium.test1"/>
</testsuite> <!-- selenium.test1 -->
